<?xml version="1.0" encoding="UTF-8"?>
<testsuite xmlns:xsi="http://www.w3.org/2001/XMLSchema-instance" xsi:noNamespaceSchemaLocation="https://maven.apache.org/surefire/maven-surefire-plugin/xsd/surefire-test-report-3.0.xsd" version="3.0" name="com.cym.MyApplicationTests" time="5.941" tests="1" errors="0" skipped="0" failures="0">
  <properties>
    <property name="java.specification.version" value="17"/>
    <property name="sun.cpu.isalist" value="amd64"/>
    <property name="sun.jnu.encoding" value="GBK"/>
    <property name="java.class.path" value="C:\Users\79878\Desktop\书\java\springboot\code\SpringBoot3\SpringBoot3\first\target\test-classes;C:\Users\79878\Desktop\书\java\springboot\code\SpringBoot3\SpringBoot3\first\target\classes;D:\software\apache-maven-3.9.9\maven_repository\org\springframework\boot\spring-boot-starter-web\3.3.5\spring-boot-starter-web-3.3.5.jar;D:\software\apache-maven-3.9.9\maven_repository\org\springframework\boot\spring-boot-starter\3.3.5\spring-boot-starter-3.3.5.jar;D:\software\apache-maven-3.9.9\maven_repository\org\springframework\boot\spring-boot\3.3.5\spring-boot-3.3.5.jar;D:\software\apache-maven-3.9.9\maven_repository\org\springframework\boot\spring-boot-autoconfigure\3.3.5\spring-boot-autoconfigure-3.3.5.jar;D:\software\apache-maven-3.9.9\maven_repository\org\springframework\boot\spring-boot-starter-logging\3.3.5\spring-boot-starter-logging-3.3.5.jar;D:\software\apache-maven-3.9.9\maven_repository\ch\qos\logback\logback-classic\1.5.11\logback-classic-1.5.11.jar;D:\software\apache-maven-3.9.9\maven_repository\ch\qos\logback\logback-core\1.5.11\logback-core-1.5.11.jar;D:\software\apache-maven-3.9.9\maven_repository\org\apache\logging\log4j\log4j-to-slf4j\2.23.1\log4j-to-slf4j-2.23.1.jar;D:\software\apache-maven-3.9.9\maven_repository\org\apache\logging\log4j\log4j-api\2.23.1\log4j-api-2.23.1.jar;D:\software\apache-maven-3.9.9\maven_repository\org\slf4j\jul-to-slf4j\2.0.16\jul-to-slf4j-2.0.16.jar;D:\software\apache-maven-3.9.9\maven_repository\jakarta\annotation\jakarta.annotation-api\2.1.1\jakarta.annotation-api-2.1.1.jar;D:\software\apache-maven-3.9.9\maven_repository\org\yaml\snakeyaml\2.2\snakeyaml-2.2.jar;D:\software\apache-maven-3.9.9\maven_repository\org\springframework\boot\spring-boot-starter-json\3.3.5\spring-boot-starter-json-3.3.5.jar;D:\software\apache-maven-3.9.9\maven_repository\com\fasterxml\jackson\datatype\jackson-datatype-jdk8\2.17.2\jackson-datatype-jdk8-2.17.2.jar;D:\software\apache-maven-3.9.9\maven_repository\com\fasterxml\jackson\datatype\jackson-datatype-jsr310\2.17.2\jackson-datatype-jsr310-2.17.2.jar;D:\software\apache-maven-3.9.9\maven_repository\com\fasterxml\jackson\module\jackson-module-parameter-names\2.17.2\jackson-module-parameter-names-2.17.2.jar;D:\software\apache-maven-3.9.9\maven_repository\org\springframework\boot\spring-boot-starter-tomcat\3.3.5\spring-boot-starter-tomcat-3.3.5.jar;D:\software\apache-maven-3.9.9\maven_repository\org\apache\tomcat\embed\tomcat-embed-core\10.1.31\tomcat-embed-core-10.1.31.jar;D:\software\apache-maven-3.9.9\maven_repository\org\apache\tomcat\embed\tomcat-embed-el\10.1.31\tomcat-embed-el-10.1.31.jar;D:\software\apache-maven-3.9.9\maven_repository\org\apache\tomcat\embed\tomcat-embed-websocket\10.1.31\tomcat-embed-websocket-10.1.31.jar;D:\software\apache-maven-3.9.9\maven_repository\org\springframework\spring-web\6.1.14\spring-web-6.1.14.jar;D:\software\apache-maven-3.9.9\maven_repository\org\springframework\spring-beans\6.1.14\spring-beans-6.1.14.jar;D:\software\apache-maven-3.9.9\maven_repository\io\micrometer\micrometer-observation\1.13.6\micrometer-observation-1.13.6.jar;D:\software\apache-maven-3.9.9\maven_repository\io\micrometer\micrometer-commons\1.13.6\micrometer-commons-1.13.6.jar;D:\software\apache-maven-3.9.9\maven_repository\org\springframework\spring-webmvc\6.1.14\spring-webmvc-6.1.14.jar;D:\software\apache-maven-3.9.9\maven_repository\org\springframework\spring-context\6.1.14\spring-context-6.1.14.jar;D:\software\apache-maven-3.9.9\maven_repository\org\springframework\spring-expression\6.1.14\spring-expression-6.1.14.jar;D:\software\apache-maven-3.9.9\maven_repository\org\springframework\boot\spring-boot-starter-test\3.3.5\spring-boot-starter-test-3.3.5.jar;D:\software\apache-maven-3.9.9\maven_repository\org\springframework\boot\spring-boot-test\3.3.5\spring-boot-test-3.3.5.jar;D:\software\apache-maven-3.9.9\maven_repository\org\springframework\boot\spring-boot-test-autoconfigure\3.3.5\spring-boot-test-autoconfigure-3.3.5.jar;D:\software\apache-maven-3.9.9\maven_repository\com\jayway\jsonpath\json-path\2.9.0\json-path-2.9.0.jar;D:\software\apache-maven-3.9.9\maven_repository\org\slf4j\slf4j-api\2.0.16\slf4j-api-2.0.16.jar;D:\software\apache-maven-3.9.9\maven_repository\jakarta\xml\bind\jakarta.xml.bind-api\4.0.2\jakarta.xml.bind-api-4.0.2.jar;D:\software\apache-maven-3.9.9\maven_repository\jakarta\activation\jakarta.activation-api\2.1.3\jakarta.activation-api-2.1.3.jar;D:\software\apache-maven-3.9.9\maven_repository\net\minidev\json-smart\2.5.1\json-smart-2.5.1.jar;D:\software\apache-maven-3.9.9\maven_repository\net\minidev\accessors-smart\2.5.1\accessors-smart-2.5.1.jar;D:\software\apache-maven-3.9.9\maven_repository\org\ow2\asm\asm\9.6\asm-9.6.jar;D:\software\apache-maven-3.9.9\maven_repository\org\assertj\assertj-core\3.25.3\assertj-core-3.25.3.jar;D:\software\apache-maven-3.9.9\maven_repository\net\bytebuddy\byte-buddy\1.14.19\byte-buddy-1.14.19.jar;D:\software\apache-maven-3.9.9\maven_repository\org\awaitility\awaitility\4.2.2\awaitility-4.2.2.jar;D:\software\apache-maven-3.9.9\maven_repository\org\hamcrest\hamcrest\2.2\hamcrest-2.2.jar;D:\software\apache-maven-3.9.9\maven_repository\org\junit\jupiter\junit-jupiter\5.10.5\junit-jupiter-5.10.5.jar;D:\software\apache-maven-3.9.9\maven_repository\org\junit\jupiter\junit-jupiter-api\5.10.5\junit-jupiter-api-5.10.5.jar;D:\software\apache-maven-3.9.9\maven_repository\org\opentest4j\opentest4j\1.3.0\opentest4j-1.3.0.jar;D:\software\apache-maven-3.9.9\maven_repository\org\junit\platform\junit-platform-commons\1.10.5\junit-platform-commons-1.10.5.jar;D:\software\apache-maven-3.9.9\maven_repository\org\apiguardian\apiguardian-api\1.1.2\apiguardian-api-1.1.2.jar;D:\software\apache-maven-3.9.9\maven_repository\org\junit\jupiter\junit-jupiter-params\5.10.5\junit-jupiter-params-5.10.5.jar;D:\software\apache-maven-3.9.9\maven_repository\org\junit\jupiter\junit-jupiter-engine\5.10.5\junit-jupiter-engine-5.10.5.jar;D:\software\apache-maven-3.9.9\maven_repository\org\junit\platform\junit-platform-engine\1.10.5\junit-platform-engine-1.10.5.jar;D:\software\apache-maven-3.9.9\maven_repository\org\mockito\mockito-core\5.11.0\mockito-core-5.11.0.jar;D:\software\apache-maven-3.9.9\maven_repository\net\bytebuddy\byte-buddy-agent\1.14.19\byte-buddy-agent-1.14.19.jar;D:\software\apache-maven-3.9.9\maven_repository\org\objenesis\objenesis\3.3\objenesis-3.3.jar;D:\software\apache-maven-3.9.9\maven_repository\org\mockito\mockito-junit-jupiter\5.11.0\mockito-junit-jupiter-5.11.0.jar;D:\software\apache-maven-3.9.9\maven_repository\org\skyscreamer\jsonassert\1.5.3\jsonassert-1.5.3.jar;D:\software\apache-maven-3.9.9\maven_repository\com\vaadin\external\google\android-json\0.0.20131108.vaadin1\android-json-0.0.20131108.vaadin1.jar;D:\software\apache-maven-3.9.9\maven_repository\org\springframework\spring-core\6.1.14\spring-core-6.1.14.jar;D:\software\apache-maven-3.9.9\maven_repository\org\springframework\spring-jcl\6.1.14\spring-jcl-6.1.14.jar;D:\software\apache-maven-3.9.9\maven_repository\org\springframework\spring-test\6.1.14\spring-test-6.1.14.jar;D:\software\apache-maven-3.9.9\maven_repository\org\xmlunit\xmlunit-core\2.9.1\xmlunit-core-2.9.1.jar;D:\software\apache-maven-3.9.9\maven_repository\org\springframework\boot\spring-boot-starter-security\3.3.5\spring-boot-starter-security-3.3.5.jar;D:\software\apache-maven-3.9.9\maven_repository\org\springframework\spring-aop\6.1.14\spring-aop-6.1.14.jar;D:\software\apache-maven-3.9.9\maven_repository\org\springframework\security\spring-security-config\6.3.4\spring-security-config-6.3.4.jar;D:\software\apache-maven-3.9.9\maven_repository\org\springframework\security\spring-security-core\6.3.4\spring-security-core-6.3.4.jar;D:\software\apache-maven-3.9.9\maven_repository\org\springframework\security\spring-security-crypto\6.3.4\spring-security-crypto-6.3.4.jar;D:\software\apache-maven-3.9.9\maven_repository\org\springframework\security\spring-security-web\6.3.4\spring-security-web-6.3.4.jar;D:\software\apache-maven-3.9.9\maven_repository\org\mybatis\spring\boot\mybatis-spring-boot-starter\3.0.4\mybatis-spring-boot-starter-3.0.4.jar;D:\software\apache-maven-3.9.9\maven_repository\org\springframework\boot\spring-boot-starter-jdbc\3.3.5\spring-boot-starter-jdbc-3.3.5.jar;D:\software\apache-maven-3.9.9\maven_repository\com\zaxxer\HikariCP\5.1.0\HikariCP-5.1.0.jar;D:\software\apache-maven-3.9.9\maven_repository\org\springframework\spring-jdbc\6.1.14\spring-jdbc-6.1.14.jar;D:\software\apache-maven-3.9.9\maven_repository\org\mybatis\spring\boot\mybatis-spring-boot-autoconfigure\3.0.4\mybatis-spring-boot-autoconfigure-3.0.4.jar;D:\software\apache-maven-3.9.9\maven_repository\org\mybatis\mybatis\3.5.17\mybatis-3.5.17.jar;D:\software\apache-maven-3.9.9\maven_repository\org\mybatis\mybatis-spring\3.0.4\mybatis-spring-3.0.4.jar;D:\software\apache-maven-3.9.9\maven_repository\com\mysql\mysql-connector-j\8.3.0\mysql-connector-j-8.3.0.jar;D:\software\apache-maven-3.9.9\maven_repository\org\projectlombok\lombok\1.18.34\lombok-1.18.34.jar;D:\software\apache-maven-3.9.9\maven_repository\cn\hutool\hutool-all\5.8.32\hutool-all-5.8.32.jar;D:\software\apache-maven-3.9.9\maven_repository\com\auth0\java-jwt\4.4.0\java-jwt-4.4.0.jar;D:\software\apache-maven-3.9.9\maven_repository\com\fasterxml\jackson\core\jackson-databind\2.17.2\jackson-databind-2.17.2.jar;D:\software\apache-maven-3.9.9\maven_repository\com\fasterxml\jackson\core\jackson-annotations\2.17.2\jackson-annotations-2.17.2.jar;D:\software\apache-maven-3.9.9\maven_repository\com\fasterxml\jackson\core\jackson-core\2.17.2\jackson-core-2.17.2.jar;D:\software\apache-maven-3.9.9\maven_repository\org\springframework\boot\spring-boot-starter-data-redis\3.3.5\spring-boot-starter-data-redis-3.3.5.jar;D:\software\apache-maven-3.9.9\maven_repository\io\lettuce\lettuce-core\6.3.2.RELEASE\lettuce-core-6.3.2.RELEASE.jar;D:\software\apache-maven-3.9.9\maven_repository\io\netty\netty-common\4.1.114.Final\netty-common-4.1.114.Final.jar;D:\software\apache-maven-3.9.9\maven_repository\io\netty\netty-handler\4.1.114.Final\netty-handler-4.1.114.Final.jar;D:\software\apache-maven-3.9.9\maven_repository\io\netty\netty-resolver\4.1.114.Final\netty-resolver-4.1.114.Final.jar;D:\software\apache-maven-3.9.9\maven_repository\io\netty\netty-buffer\4.1.114.Final\netty-buffer-4.1.114.Final.jar;D:\software\apache-maven-3.9.9\maven_repository\io\netty\netty-transport-native-unix-common\4.1.114.Final\netty-transport-native-unix-common-4.1.114.Final.jar;D:\software\apache-maven-3.9.9\maven_repository\io\netty\netty-codec\4.1.114.Final\netty-codec-4.1.114.Final.jar;D:\software\apache-maven-3.9.9\maven_repository\io\netty\netty-transport\4.1.114.Final\netty-transport-4.1.114.Final.jar;D:\software\apache-maven-3.9.9\maven_repository\io\projectreactor\reactor-core\3.6.11\reactor-core-3.6.11.jar;D:\software\apache-maven-3.9.9\maven_repository\org\reactivestreams\reactive-streams\1.0.4\reactive-streams-1.0.4.jar;D:\software\apache-maven-3.9.9\maven_repository\org\springframework\data\spring-data-redis\3.3.5\spring-data-redis-3.3.5.jar;D:\software\apache-maven-3.9.9\maven_repository\org\springframework\data\spring-data-keyvalue\3.3.5\spring-data-keyvalue-3.3.5.jar;D:\software\apache-maven-3.9.9\maven_repository\org\springframework\data\spring-data-commons\3.3.5\spring-data-commons-3.3.5.jar;D:\software\apache-maven-3.9.9\maven_repository\org\springframework\spring-tx\6.1.14\spring-tx-6.1.14.jar;D:\software\apache-maven-3.9.9\maven_repository\org\springframework\spring-oxm\6.1.14\spring-oxm-6.1.14.jar;D:\software\apache-maven-3.9.9\maven_repository\org\springframework\spring-context-support\6.1.14\spring-context-support-6.1.14.jar;"/>
    <property name="java.vm.vendor" value="Oracle Corporation"/>
    <property name="sun.arch.data.model" value="64"/>
    <property name="user.variant" value=""/>
    <property name="java.vendor.url" value="https://java.oracle.com/"/>
    <property name="user.timezone" value="GMT+08:00"/>
    <property name="os.name" value="Windows 11"/>
    <property name="java.vm.specification.version" value="17"/>
    <property name="sun.java.launcher" value="SUN_STANDARD"/>
    <property name="user.country" value="CN"/>
    <property name="sun.boot.library.path" value="C:\Program Files\Java\jdk-17\bin"/>
    <property name="sun.java.command" value="C:\Users\79878\AppData\Local\Temp\surefire8752036337202214311\surefirebooter-20241211174954185_3.jar C:\Users\79878\AppData\Local\Temp\surefire8752036337202214311 2024-12-11T17-49-49_365-jvmRun1 surefire-20241211174954185_1tmp surefire_0-20241211174954185_2tmp"/>
    <property name="jdk.debug" value="release"/>
    <property name="surefire.test.class.path" value="C:\Users\79878\Desktop\书\java\springboot\code\SpringBoot3\SpringBoot3\first\target\test-classes;C:\Users\79878\Desktop\书\java\springboot\code\SpringBoot3\SpringBoot3\first\target\classes;D:\software\apache-maven-3.9.9\maven_repository\org\springframework\boot\spring-boot-starter-web\3.3.5\spring-boot-starter-web-3.3.5.jar;D:\software\apache-maven-3.9.9\maven_repository\org\springframework\boot\spring-boot-starter\3.3.5\spring-boot-starter-3.3.5.jar;D:\software\apache-maven-3.9.9\maven_repository\org\springframework\boot\spring-boot\3.3.5\spring-boot-3.3.5.jar;D:\software\apache-maven-3.9.9\maven_repository\org\springframework\boot\spring-boot-autoconfigure\3.3.5\spring-boot-autoconfigure-3.3.5.jar;D:\software\apache-maven-3.9.9\maven_repository\org\springframework\boot\spring-boot-starter-logging\3.3.5\spring-boot-starter-logging-3.3.5.jar;D:\software\apache-maven-3.9.9\maven_repository\ch\qos\logback\logback-classic\1.5.11\logback-classic-1.5.11.jar;D:\software\apache-maven-3.9.9\maven_repository\ch\qos\logback\logback-core\1.5.11\logback-core-1.5.11.jar;D:\software\apache-maven-3.9.9\maven_repository\org\apache\logging\log4j\log4j-to-slf4j\2.23.1\log4j-to-slf4j-2.23.1.jar;D:\software\apache-maven-3.9.9\maven_repository\org\apache\logging\log4j\log4j-api\2.23.1\log4j-api-2.23.1.jar;D:\software\apache-maven-3.9.9\maven_repository\org\slf4j\jul-to-slf4j\2.0.16\jul-to-slf4j-2.0.16.jar;D:\software\apache-maven-3.9.9\maven_repository\jakarta\annotation\jakarta.annotation-api\2.1.1\jakarta.annotation-api-2.1.1.jar;D:\software\apache-maven-3.9.9\maven_repository\org\yaml\snakeyaml\2.2\snakeyaml-2.2.jar;D:\software\apache-maven-3.9.9\maven_repository\org\springframework\boot\spring-boot-starter-json\3.3.5\spring-boot-starter-json-3.3.5.jar;D:\software\apache-maven-3.9.9\maven_repository\com\fasterxml\jackson\datatype\jackson-datatype-jdk8\2.17.2\jackson-datatype-jdk8-2.17.2.jar;D:\software\apache-maven-3.9.9\maven_repository\com\fasterxml\jackson\datatype\jackson-datatype-jsr310\2.17.2\jackson-datatype-jsr310-2.17.2.jar;D:\software\apache-maven-3.9.9\maven_repository\com\fasterxml\jackson\module\jackson-module-parameter-names\2.17.2\jackson-module-parameter-names-2.17.2.jar;D:\software\apache-maven-3.9.9\maven_repository\org\springframework\boot\spring-boot-starter-tomcat\3.3.5\spring-boot-starter-tomcat-3.3.5.jar;D:\software\apache-maven-3.9.9\maven_repository\org\apache\tomcat\embed\tomcat-embed-core\10.1.31\tomcat-embed-core-10.1.31.jar;D:\software\apache-maven-3.9.9\maven_repository\org\apache\tomcat\embed\tomcat-embed-el\10.1.31\tomcat-embed-el-10.1.31.jar;D:\software\apache-maven-3.9.9\maven_repository\org\apache\tomcat\embed\tomcat-embed-websocket\10.1.31\tomcat-embed-websocket-10.1.31.jar;D:\software\apache-maven-3.9.9\maven_repository\org\springframework\spring-web\6.1.14\spring-web-6.1.14.jar;D:\software\apache-maven-3.9.9\maven_repository\org\springframework\spring-beans\6.1.14\spring-beans-6.1.14.jar;D:\software\apache-maven-3.9.9\maven_repository\io\micrometer\micrometer-observation\1.13.6\micrometer-observation-1.13.6.jar;D:\software\apache-maven-3.9.9\maven_repository\io\micrometer\micrometer-commons\1.13.6\micrometer-commons-1.13.6.jar;D:\software\apache-maven-3.9.9\maven_repository\org\springframework\spring-webmvc\6.1.14\spring-webmvc-6.1.14.jar;D:\software\apache-maven-3.9.9\maven_repository\org\springframework\spring-context\6.1.14\spring-context-6.1.14.jar;D:\software\apache-maven-3.9.9\maven_repository\org\springframework\spring-expression\6.1.14\spring-expression-6.1.14.jar;D:\software\apache-maven-3.9.9\maven_repository\org\springframework\boot\spring-boot-starter-test\3.3.5\spring-boot-starter-test-3.3.5.jar;D:\software\apache-maven-3.9.9\maven_repository\org\springframework\boot\spring-boot-test\3.3.5\spring-boot-test-3.3.5.jar;D:\software\apache-maven-3.9.9\maven_repository\org\springframework\boot\spring-boot-test-autoconfigure\3.3.5\spring-boot-test-autoconfigure-3.3.5.jar;D:\software\apache-maven-3.9.9\maven_repository\com\jayway\jsonpath\json-path\2.9.0\json-path-2.9.0.jar;D:\software\apache-maven-3.9.9\maven_repository\org\slf4j\slf4j-api\2.0.16\slf4j-api-2.0.16.jar;D:\software\apache-maven-3.9.9\maven_repository\jakarta\xml\bind\jakarta.xml.bind-api\4.0.2\jakarta.xml.bind-api-4.0.2.jar;D:\software\apache-maven-3.9.9\maven_repository\jakarta\activation\jakarta.activation-api\2.1.3\jakarta.activation-api-2.1.3.jar;D:\software\apache-maven-3.9.9\maven_repository\net\minidev\json-smart\2.5.1\json-smart-2.5.1.jar;D:\software\apache-maven-3.9.9\maven_repository\net\minidev\accessors-smart\2.5.1\accessors-smart-2.5.1.jar;D:\software\apache-maven-3.9.9\maven_repository\org\ow2\asm\asm\9.6\asm-9.6.jar;D:\software\apache-maven-3.9.9\maven_repository\org\assertj\assertj-core\3.25.3\assertj-core-3.25.3.jar;D:\software\apache-maven-3.9.9\maven_repository\net\bytebuddy\byte-buddy\1.14.19\byte-buddy-1.14.19.jar;D:\software\apache-maven-3.9.9\maven_repository\org\awaitility\awaitility\4.2.2\awaitility-4.2.2.jar;D:\software\apache-maven-3.9.9\maven_repository\org\hamcrest\hamcrest\2.2\hamcrest-2.2.jar;D:\software\apache-maven-3.9.9\maven_repository\org\junit\jupiter\junit-jupiter\5.10.5\junit-jupiter-5.10.5.jar;D:\software\apache-maven-3.9.9\maven_repository\org\junit\jupiter\junit-jupiter-api\5.10.5\junit-jupiter-api-5.10.5.jar;D:\software\apache-maven-3.9.9\maven_repository\org\opentest4j\opentest4j\1.3.0\opentest4j-1.3.0.jar;D:\software\apache-maven-3.9.9\maven_repository\org\junit\platform\junit-platform-commons\1.10.5\junit-platform-commons-1.10.5.jar;D:\software\apache-maven-3.9.9\maven_repository\org\apiguardian\apiguardian-api\1.1.2\apiguardian-api-1.1.2.jar;D:\software\apache-maven-3.9.9\maven_repository\org\junit\jupiter\junit-jupiter-params\5.10.5\junit-jupiter-params-5.10.5.jar;D:\software\apache-maven-3.9.9\maven_repository\org\junit\jupiter\junit-jupiter-engine\5.10.5\junit-jupiter-engine-5.10.5.jar;D:\software\apache-maven-3.9.9\maven_repository\org\junit\platform\junit-platform-engine\1.10.5\junit-platform-engine-1.10.5.jar;D:\software\apache-maven-3.9.9\maven_repository\org\mockito\mockito-core\5.11.0\mockito-core-5.11.0.jar;D:\software\apache-maven-3.9.9\maven_repository\net\bytebuddy\byte-buddy-agent\1.14.19\byte-buddy-agent-1.14.19.jar;D:\software\apache-maven-3.9.9\maven_repository\org\objenesis\objenesis\3.3\objenesis-3.3.jar;D:\software\apache-maven-3.9.9\maven_repository\org\mockito\mockito-junit-jupiter\5.11.0\mockito-junit-jupiter-5.11.0.jar;D:\software\apache-maven-3.9.9\maven_repository\org\skyscreamer\jsonassert\1.5.3\jsonassert-1.5.3.jar;D:\software\apache-maven-3.9.9\maven_repository\com\vaadin\external\google\android-json\0.0.20131108.vaadin1\android-json-0.0.20131108.vaadin1.jar;D:\software\apache-maven-3.9.9\maven_repository\org\springframework\spring-core\6.1.14\spring-core-6.1.14.jar;D:\software\apache-maven-3.9.9\maven_repository\org\springframework\spring-jcl\6.1.14\spring-jcl-6.1.14.jar;D:\software\apache-maven-3.9.9\maven_repository\org\springframework\spring-test\6.1.14\spring-test-6.1.14.jar;D:\software\apache-maven-3.9.9\maven_repository\org\xmlunit\xmlunit-core\2.9.1\xmlunit-core-2.9.1.jar;D:\software\apache-maven-3.9.9\maven_repository\org\springframework\boot\spring-boot-starter-security\3.3.5\spring-boot-starter-security-3.3.5.jar;D:\software\apache-maven-3.9.9\maven_repository\org\springframework\spring-aop\6.1.14\spring-aop-6.1.14.jar;D:\software\apache-maven-3.9.9\maven_repository\org\springframework\security\spring-security-config\6.3.4\spring-security-config-6.3.4.jar;D:\software\apache-maven-3.9.9\maven_repository\org\springframework\security\spring-security-core\6.3.4\spring-security-core-6.3.4.jar;D:\software\apache-maven-3.9.9\maven_repository\org\springframework\security\spring-security-crypto\6.3.4\spring-security-crypto-6.3.4.jar;D:\software\apache-maven-3.9.9\maven_repository\org\springframework\security\spring-security-web\6.3.4\spring-security-web-6.3.4.jar;D:\software\apache-maven-3.9.9\maven_repository\org\mybatis\spring\boot\mybatis-spring-boot-starter\3.0.4\mybatis-spring-boot-starter-3.0.4.jar;D:\software\apache-maven-3.9.9\maven_repository\org\springframework\boot\spring-boot-starter-jdbc\3.3.5\spring-boot-starter-jdbc-3.3.5.jar;D:\software\apache-maven-3.9.9\maven_repository\com\zaxxer\HikariCP\5.1.0\HikariCP-5.1.0.jar;D:\software\apache-maven-3.9.9\maven_repository\org\springframework\spring-jdbc\6.1.14\spring-jdbc-6.1.14.jar;D:\software\apache-maven-3.9.9\maven_repository\org\mybatis\spring\boot\mybatis-spring-boot-autoconfigure\3.0.4\mybatis-spring-boot-autoconfigure-3.0.4.jar;D:\software\apache-maven-3.9.9\maven_repository\org\mybatis\mybatis\3.5.17\mybatis-3.5.17.jar;D:\software\apache-maven-3.9.9\maven_repository\org\mybatis\mybatis-spring\3.0.4\mybatis-spring-3.0.4.jar;D:\software\apache-maven-3.9.9\maven_repository\com\mysql\mysql-connector-j\8.3.0\mysql-connector-j-8.3.0.jar;D:\software\apache-maven-3.9.9\maven_repository\org\projectlombok\lombok\1.18.34\lombok-1.18.34.jar;D:\software\apache-maven-3.9.9\maven_repository\cn\hutool\hutool-all\5.8.32\hutool-all-5.8.32.jar;D:\software\apache-maven-3.9.9\maven_repository\com\auth0\java-jwt\4.4.0\java-jwt-4.4.0.jar;D:\software\apache-maven-3.9.9\maven_repository\com\fasterxml\jackson\core\jackson-databind\2.17.2\jackson-databind-2.17.2.jar;D:\software\apache-maven-3.9.9\maven_repository\com\fasterxml\jackson\core\jackson-annotations\2.17.2\jackson-annotations-2.17.2.jar;D:\software\apache-maven-3.9.9\maven_repository\com\fasterxml\jackson\core\jackson-core\2.17.2\jackson-core-2.17.2.jar;D:\software\apache-maven-3.9.9\maven_repository\org\springframework\boot\spring-boot-starter-data-redis\3.3.5\spring-boot-starter-data-redis-3.3.5.jar;D:\software\apache-maven-3.9.9\maven_repository\io\lettuce\lettuce-core\6.3.2.RELEASE\lettuce-core-6.3.2.RELEASE.jar;D:\software\apache-maven-3.9.9\maven_repository\io\netty\netty-common\4.1.114.Final\netty-common-4.1.114.Final.jar;D:\software\apache-maven-3.9.9\maven_repository\io\netty\netty-handler\4.1.114.Final\netty-handler-4.1.114.Final.jar;D:\software\apache-maven-3.9.9\maven_repository\io\netty\netty-resolver\4.1.114.Final\netty-resolver-4.1.114.Final.jar;D:\software\apache-maven-3.9.9\maven_repository\io\netty\netty-buffer\4.1.114.Final\netty-buffer-4.1.114.Final.jar;D:\software\apache-maven-3.9.9\maven_repository\io\netty\netty-transport-native-unix-common\4.1.114.Final\netty-transport-native-unix-common-4.1.114.Final.jar;D:\software\apache-maven-3.9.9\maven_repository\io\netty\netty-codec\4.1.114.Final\netty-codec-4.1.114.Final.jar;D:\software\apache-maven-3.9.9\maven_repository\io\netty\netty-transport\4.1.114.Final\netty-transport-4.1.114.Final.jar;D:\software\apache-maven-3.9.9\maven_repository\io\projectreactor\reactor-core\3.6.11\reactor-core-3.6.11.jar;D:\software\apache-maven-3.9.9\maven_repository\org\reactivestreams\reactive-streams\1.0.4\reactive-streams-1.0.4.jar;D:\software\apache-maven-3.9.9\maven_repository\org\springframework\data\spring-data-redis\3.3.5\spring-data-redis-3.3.5.jar;D:\software\apache-maven-3.9.9\maven_repository\org\springframework\data\spring-data-keyvalue\3.3.5\spring-data-keyvalue-3.3.5.jar;D:\software\apache-maven-3.9.9\maven_repository\org\springframework\data\spring-data-commons\3.3.5\spring-data-commons-3.3.5.jar;D:\software\apache-maven-3.9.9\maven_repository\org\springframework\spring-tx\6.1.14\spring-tx-6.1.14.jar;D:\software\apache-maven-3.9.9\maven_repository\org\springframework\spring-oxm\6.1.14\spring-oxm-6.1.14.jar;D:\software\apache-maven-3.9.9\maven_repository\org\springframework\spring-context-support\6.1.14\spring-context-support-6.1.14.jar;"/>
    <property name="sun.cpu.endian" value="little"/>
    <property name="user.home" value="C:\Users\79878"/>
    <property name="user.language" value="zh"/>
    <property name="java.specification.vendor" value="Oracle Corporation"/>
    <property name="java.version.date" value="2024-07-16"/>
    <property name="java.home" value="C:\Program Files\Java\jdk-17"/>
    <property name="file.separator" value="\"/>
    <property name="basedir" value="C:\Users\79878\Desktop\书\java\springboot\code\SpringBoot3\SpringBoot3\first"/>
    <property name="java.vm.compressedOopsMode" value="Zero based"/>
    <property name="line.separator" value="&#10;"/>
    <property name="java.vm.specification.vendor" value="Oracle Corporation"/>
    <property name="java.specification.name" value="Java Platform API Specification"/>
    <property name="FILE_LOG_CHARSET" value="GBK"/>
    <property name="java.awt.headless" value="true"/>
    <property name="surefire.real.class.path" value="C:\Users\79878\AppData\Local\Temp\surefire8752036337202214311\surefirebooter-20241211174954185_3.jar"/>
    <property name="user.script" value=""/>
    <property name="sun.management.compiler" value="HotSpot 64-Bit Tiered Compilers"/>
    <property name="java.runtime.version" value="17.0.12+8-LTS-286"/>
    <property name="user.name" value="79878"/>
    <property name="path.separator" value=";"/>
    <property name="os.version" value="10.0"/>
    <property name="java.runtime.name" value="Java(TM) SE Runtime Environment"/>
    <property name="file.encoding" value="GBK"/>
    <property name="java.vm.name" value="Java HotSpot(TM) 64-Bit Server VM"/>
    <property name="localRepository" value="D:\software\apache-maven-3.9.9\maven_repository"/>
    <property name="java.vendor.url.bug" value="https://bugreport.java.com/bugreport/"/>
    <property name="java.io.tmpdir" value="C:\Users\79878\AppData\Local\Temp\"/>
    <property name="idea.version" value="2024.2"/>
    <property name="java.version" value="17.0.12"/>
    <property name="user.dir" value="C:\Users\79878\Desktop\书\java\springboot\code\SpringBoot3\SpringBoot3\first"/>
    <property name="os.arch" value="amd64"/>
    <property name="java.vm.specification.name" value="Java Virtual Machine Specification"/>
    <property name="PID" value="11480"/>
    <property name="sun.os.patch.level" value=""/>
    <property name="CONSOLE_LOG_CHARSET" value="GBK"/>
    <property name="native.encoding" value="GBK"/>
    <property name="java.library.path" value="C:\Program Files\Java\jdk-17\bin;C:\WINDOWS\Sun\Java\bin;C:\WINDOWS\system32;C:\WINDOWS;C:\Program Files\Common Files\Oracle\Java\javapath;C:\windows\system32;C:\windows;C:\windows\System32\Wbem;C:\windows\System32\WindowsPowerShell\v1.0\;C:\windows\System32\OpenSSH\;C:\Program Files (x86)\NVIDIA Corporation\PhysX\Common;C:\Program Files\NVIDIA Corporation\NVIDIA NvDLISR;C:\Program Files\Java\jdk-17\bin;C:\Program Files\Microsoft SQL Server\130\Tools\Binn\;D:\python_Anaconda;D:\python_Anaconda\Scripts;D:\python_Anaconda\Library\bin;D:\python_Anaconda\Library\mingw-w64\bin;D:\software\mysql-5.7.24-winx64\bin;%MYSQL;HOME%\bin;D:\nodejs\;D:\software\apache-maven-3.9.9\bin;D:\software\Git\cmd;D:\software\AMD\ATI.ACE\Core-Static;D:\software\redis\;D:\texlive\;D:\software\flutter\flutter\bin;C:\Python27;C:\Program Files\dotnet\;D:\Windows Kits\10\Windows Performance Toolkit\;D:\software\apache-tomcat-10.1.30\bin;C:\WINDOWS\system32;C:\WINDOWS;C:\WINDOWS\System32\Wbem;C:\WINDOWS\System32\WindowsPowerShell\v1.0\;C:\WINDOWS\System32\OpenSSH\;;C:\Program Files\HP\HP One Agent;C:\WINDOWS\system32;C:\WINDOWS;C:\WINDOWS\System32\Wbem;C:\WINDOWS\System32\WindowsPowerShell\v1.0\;C:\WINDOWS\System32\OpenSSH\;d:\software\quar\real_q\quartus\bin;D:\software\xshell\;D:\software\xftp\;C:\Users\79878\AppData\Local\Programs\Python\Python38\Scripts\;C:\Users\79878\AppData\Local\Programs\Python\Python38\;%USERPROFILE%\AppData\Local\Microsoft\WindowsApps;C:\Users\79878\AppData\Roaming\npm;D:\software\Microsoft VS Code\bin;D:\software\aria2;%WebStorm%;C:\Users\79878\AppData\Local\Temp\Rar$EXa18944.10761\Hall.57986\;%USERPROFILE%\.dotnet\tools;%IntelliJ IDEA%;;D:\software\modelsim\win64;."/>
    <property name="java.vm.info" value="mixed mode, sharing"/>
    <property name="java.vendor" value="Oracle Corporation"/>
    <property name="java.vm.version" value="17.0.12+8-LTS-286"/>
    <property name="sun.io.unicode.encoding" value="UnicodeLittle"/>
    <property name="java.class.version" value="61.0"/>
  </properties>
  <testcase name="test" classname="com.cym.MyApplicationTests" time="1.121">
    <system-out><![CDATA[17:49:55.412 [main] INFO org.springframework.test.context.support.AnnotationConfigContextLoaderUtils -- Could not detect default configuration classes for test class [com.cym.MyApplicationTests]: MyApplicationTests does not declare any static, non-private, non-final, nested classes annotated with @Configuration.
17:49:55.558 [main] INFO org.springframework.boot.test.context.SpringBootTestContextBootstrapper -- Found @SpringBootConfiguration com.cym.MyApplication for test class com.cym.MyApplicationTests

  .   ____          _            __ _ _
 /\\ / ___'_ __ _ _(_)_ __  __ _ \ \ \ \
( ( )\___ | '_ | '_| | '_ \/ _` | \ \ \ \
 \\/  ___)| |_)| | | | | || (_| |  ) ) ) )
  '  |____| .__|_| |_|_| |_\__, | / / / /
 =========|_|==============|___/=/_/_/_/

 :: Spring Boot ::                (v3.3.5)

2024-12-11T17:49:56.075+08:00  INFO 11480 --- [           main] com.cym.MyApplicationTests               : Starting MyApplicationTests using Java 17.0.12 with PID 11480 (started by 79878 in C:\Users\79878\Desktop\书\java\springboot\code\SpringBoot3\SpringBoot3\first)
2024-12-11T17:49:56.077+08:00  INFO 11480 --- [           main] com.cym.MyApplicationTests               : No active profile set, falling back to 1 default profile: "default"
2024-12-11T17:49:57.086+08:00  INFO 11480 --- [           main] .s.d.r.c.RepositoryConfigurationDelegate : Multiple Spring Data modules found, entering strict repository configuration mode
2024-12-11T17:49:57.089+08:00  INFO 11480 --- [           main] .s.d.r.c.RepositoryConfigurationDelegate : Bootstrapping Spring Data Redis repositories in DEFAULT mode.
2024-12-11T17:49:57.125+08:00  INFO 11480 --- [           main] .s.d.r.c.RepositoryConfigurationDelegate : Finished Spring Data repository scanning in 15 ms. Found 0 Redis repository interfaces.
2024-12-11T17:49:58.067+08:00  INFO 11480 --- [           main] r$InitializeUserDetailsManagerConfigurer : Global AuthenticationManager configured with UserDetailsService bean with name myUserDetailService
2024-12-11T17:50:00.010+08:00  INFO 11480 --- [           main] com.cym.MyApplicationTests               : Started MyApplicationTests in 4.263 seconds (process running for 5.606)
$2a$10$kKL.4BtyNpgfDGvVgSoKmuVaz4Cg8dkOl6at0oTW0tMY1vbUatcx6
]]></system-out>
  </testcase>
</testsuite>